running egg_info
writing ../../build/Artaud/Artaud.egg-info/PKG-INFO
writing dependency_links to ../../build/Artaud/Artaud.egg-info/dependency_links.txt
writing entry points to ../../build/Artaud/Artaud.egg-info/entry_points.txt
writing requirements to ../../build/Artaud/Artaud.egg-info/requires.txt
writing top-level names to ../../build/Artaud/Artaud.egg-info/top_level.txt
reading manifest file '../../build/Artaud/Artaud.egg-info/SOURCES.txt'
writing manifest file '../../build/Artaud/Artaud.egg-info/SOURCES.txt'
running build
running build_py
running install
running install_lib
copying /home/felix/mod6/pon2/ros2_ws/build/Artaud/build/lib/Artaud/__init__.py -> /home/felix/mod6/pon2/ros2_ws/install/Artaud/lib/python3.10/site-packages/Artaud
byte-compiling /home/felix/mod6/pon2/ros2_ws/install/Artaud/lib/python3.10/site-packages/Artaud/__init__.py to __init__.cpython-310.pyc
running install_data
running install_egg_info
removing '/home/felix/mod6/pon2/ros2_ws/install/Artaud/lib/python3.10/site-packages/Artaud-0.0.0-py3.10.egg-info' (and everything under it)
Copying ../../build/Artaud/Artaud.egg-info to /home/felix/mod6/pon2/ros2_ws/install/Artaud/lib/python3.10/site-packages/Artaud-0.0.0-py3.10.egg-info
running install_scripts
Installing Antonin script to /home/felix/mod6/pon2/ros2_ws/install/Artaud/lib/Artaud
writing list of installed files to '/home/felix/mod6/pon2/ros2_ws/build/Artaud/install.log'
