[1.343s] Invoking command in '/home/felix/mod6/pon2/ros2_ws/src/Artaud': PYTHONPATH=/home/felix/mod6/pon2/ros2_ws/build/Artaud/prefix_override:/home/felix/mod6/pon2/ros2_ws/install/Artaud/lib/python3.10/site-packages:${PYTHONPATH} /usr/bin/python3 setup.py egg_info --egg-base ../../build/Artaud build --build-base /home/felix/mod6/pon2/ros2_ws/build/Artaud/build install --record /home/felix/mod6/pon2/ros2_ws/build/Artaud/install.log --single-version-externally-managed
[1.699s] running egg_info
[1.701s] creating ../../build/Artaud/Artaud.egg-info
[1.703s] writing ../../build/Artaud/Artaud.egg-info/PKG-INFO
[1.704s] writing dependency_links to ../../build/Artaud/Artaud.egg-info/dependency_links.txt
[1.704s] writing entry points to ../../build/Artaud/Artaud.egg-info/entry_points.txt
[1.704s] writing requirements to ../../build/Artaud/Artaud.egg-info/requires.txt
[1.704s] writing top-level names to ../../build/Artaud/Artaud.egg-info/top_level.txt
[1.704s] writing manifest file '../../build/Artaud/Artaud.egg-info/SOURCES.txt'
[1.707s] reading manifest file '../../build/Artaud/Artaud.egg-info/SOURCES.txt'
[1.708s] writing manifest file '../../build/Artaud/Artaud.egg-info/SOURCES.txt'
[1.708s] running build
[1.708s] running build_py
[1.708s] creating /home/felix/mod6/pon2/ros2_ws/build/Artaud/build
[1.708s] creating /home/felix/mod6/pon2/ros2_ws/build/Artaud/build/lib
[1.708s] creating /home/felix/mod6/pon2/ros2_ws/build/Artaud/build/lib/Artaud
[1.709s] copying Artaud/__init__.py -> /home/felix/mod6/pon2/ros2_ws/build/Artaud/build/lib/Artaud
[1.709s] running install
[1.709s] /usr/lib/python3/dist-packages/setuptools/command/install.py:34: SetuptoolsDeprecationWarning: setup.py install is deprecated. Use build and pip and other standards-based tools.
[1.709s]   warnings.warn(
[1.710s] running install_lib
[1.711s] creating /home/felix/mod6/pon2/ros2_ws/install/Artaud/lib/python3.10/site-packages/Artaud
[1.712s] copying /home/felix/mod6/pon2/ros2_ws/build/Artaud/build/lib/Artaud/__init__.py -> /home/felix/mod6/pon2/ros2_ws/install/Artaud/lib/python3.10/site-packages/Artaud
[1.713s] byte-compiling /home/felix/mod6/pon2/ros2_ws/install/Artaud/lib/python3.10/site-packages/Artaud/__init__.py to __init__.cpython-310.pyc
[1.713s] running install_data
[1.714s] creating /home/felix/mod6/pon2/ros2_ws/install/Artaud/share/ament_index
[1.714s] creating /home/felix/mod6/pon2/ros2_ws/install/Artaud/share/ament_index/resource_index
[1.714s] creating /home/felix/mod6/pon2/ros2_ws/install/Artaud/share/ament_index/resource_index/packages
[1.715s] copying resource/Artaud -> /home/felix/mod6/pon2/ros2_ws/install/Artaud/share/ament_index/resource_index/packages
[1.715s] copying package.xml -> /home/felix/mod6/pon2/ros2_ws/install/Artaud/share/Artaud
[1.715s] running install_egg_info
[1.717s] Copying ../../build/Artaud/Artaud.egg-info to /home/felix/mod6/pon2/ros2_ws/install/Artaud/lib/python3.10/site-packages/Artaud-0.0.0-py3.10.egg-info
[1.719s] running install_scripts
[1.752s] Installing Antonin script to /home/felix/mod6/pon2/ros2_ws/install/Artaud/lib/Artaud
[1.753s] writing list of installed files to '/home/felix/mod6/pon2/ros2_ws/build/Artaud/install.log'
[1.792s] Invoked command in '/home/felix/mod6/pon2/ros2_ws/src/Artaud' returned '0': PYTHONPATH=/home/felix/mod6/pon2/ros2_ws/build/Artaud/prefix_override:/home/felix/mod6/pon2/ros2_ws/install/Artaud/lib/python3.10/site-packages:${PYTHONPATH} /usr/bin/python3 setup.py egg_info --egg-base ../../build/Artaud build --build-base /home/felix/mod6/pon2/ros2_ws/build/Artaud/build install --record /home/felix/mod6/pon2/ros2_ws/build/Artaud/install.log --single-version-externally-managed
